<?xml version="1.0" encoding="UTF-8"?>
<!-- Generated by org.testng.reporters.JUnitReportReporter -->
<testsuite hostname="achyuth" failures="0" tests="1" name="com.example.demo.Day_6.Calculator" time="0.016" errors="0" timestamp="2023-04-27T12:12:35 IST" skipped="0">
  <testcase classname="com.example.demo.Day_6.Calculator" name="addition" time="0.016"/>
  <system-out/>
</testsuite> <!-- com.example.demo.Day_6.Calculator -->
