<?xml version="1.0" encoding="UTF-8"?>
<!-- Generated by org.testng.reporters.JUnitReportReporter -->
<testsuite hostname="achyuth" failures="0" tests="1" name="com.example.demo.Day_6.t3" time="10.386" errors="0" timestamp="2023-04-27T14:11:06 IST" skipped="0">
  <testcase classname="com.example.demo.Day_6.t3" name="TC_001" time="10.386"/>
  <system-out/>
</testsuite> <!-- com.example.demo.Day_6.t3 -->
