<?xml version="1.0" encoding="UTF-8"?>
<!-- Generated by org.testng.reporters.JUnitReportReporter -->
<testsuite hostname="achyuth" failures="0" tests="1" name="com.example.demo.Day_6.Testng1" time="32.536" errors="0" timestamp="2023-04-27T11:44:39 IST" skipped="0">
  <testcase classname="com.example.demo.Day_6.Testng1" name="f" time="32.536"/>
  <system-out/>
</testsuite> <!-- com.example.demo.Day_6.Testng1 -->
