<?xml version="1.0" encoding="UTF-8"?>
<!-- Generated by org.testng.reporters.JUnitReportReporter -->
<testsuite hostname="achyuth" failures="0" tests="3" name="com.example.demo.Day_6.NewTest" time="0.011" errors="0" timestamp="2023-04-27T15:42:55 IST" skipped="0">
  <testcase classname="com.example.demo.Day_6.NewTest" name="TC_003" time="0.001"/>
  <system-out/>
  <testcase classname="com.example.demo.Day_6.NewTest" name="TC_002" time="0.001"/>
  <system-out/>
  <testcase classname="com.example.demo.Day_6.NewTest" name="TC_001" time="0.009"/>
  <system-out/>
</testsuite> <!-- com.example.demo.Day_6.NewTest -->
